<?xml version="1.0" encoding="UTF-8"?>
<!-- Generated by org.testng.reporters.JUnitReportReporter -->
<testsuite hostname="LAPTOP-G0OPNL62" failures="0" tests="1" name="com.orangehrm.test.LoginPageTest" time="15.711" errors="0" timestamp="2025-09-29T14:09:05 IST" skipped="0">
  <testcase classname="com.orangehrm.test.LoginPageTest" name="invalidLoginTest" time="15.711"/>
</testsuite> <!-- com.orangehrm.test.LoginPageTest -->
