<?xml version="1.0" encoding="UTF-8"?>
<!-- Generated by org.testng.reporters.JUnitReportReporter -->
<testsuite hostname="LAPTOP-G0OPNL62" failures="0" tests="2" name="com.orangehrm.test.DummyClass" time="19.865" errors="0" timestamp="2025-09-25T00:12:27 IST" skipped="0">
  <testcase classname="com.orangehrm.test.DummyClass" name="dummytest" time="6.887"/>
  <testcase classname="com.orangehrm.test.DummyClass" name="dummytest" time="12.978"/>
</testsuite> <!-- com.orangehrm.test.DummyClass -->
