<?xml version="1.0" encoding="UTF-8"?>
<!-- Generated by org.testng.reporters.JUnitReportReporter -->
<testsuite hostname="LAPTOP-G0OPNL62" failures="0" tests="1" name="com.orangehrm.test.HomePageTest" time="36.366" errors="0" timestamp="2025-09-25T00:27:06 IST" skipped="0">
  <testcase classname="com.orangehrm.test.HomePageTest" name="verifyOrangeHRMLLogo" time="36.366"/>
</testsuite> <!-- com.orangehrm.test.HomePageTest -->
